08:00:24,background job ulp,START,50176
08:18:17,background job ulp,END,50176
08:00:47,scheduled task 608,START,26708
08:08:10,scheduled task 608,END,26708
08:01:13,scheduled task 310,START,48245
08:05:01,scheduled task 310,END,48245
08:01:26,scheduled task 025,START,84007
08:11:03,scheduled task 025,END,84007
08:01:46,background job cmx,START,81454
08:12:26,background job cmx,END,81454
08:01:58,scheduled task 629,START,29196
08:19:23,scheduled task 629,END,29196
08:02:21,scheduled task 235,START,61509
08:05:36,scheduled task 235,END,61509
08:02:41,scheduled task 922,START,16108
08:21:18,scheduled task 922,END,16108
08:03:11,scheduled task 286,START,46103
08:14:38,scheduled task 286,END,46103
08:03:24,scheduled task 558,START,20165
08:15:22,scheduled task 558,END,20165
08:03:54,background job cmx,START,68777
08:14:14,background job cmx,END,68777
08:04:18,scheduled task 450,START,26055
08:04:53,scheduled task 450,END,26055
08:04:34,scheduled task 147,START,94181
08:06:16,scheduled task 147,END,94181
08:05:01,scheduled task 864,START,35932
08:07:57,scheduled task 864,END,35932
08:05:12,scheduled task 324,START,53893
08:22:39,scheduled task 324,END,53893
08:05:33,scheduled task 851,START,98661
08:17:08,scheduled task 851,END,98661
08:05:50,scheduled task 791,START,63105
08:14:04,scheduled task 791,END,63105
08:05:58,scheduled task 988,START,15819
08:10:55,scheduled task 988,END,15819
08:06:16,scheduled task 757,START,94242
08:19:58,scheduled task 757,END,94242
08:06:18,scheduled task 374,START,31674
08:21:05,scheduled task 374,END,31674
08:06:27,scheduled task 799,START,93208
08:09:46,scheduled task 799,END,93208
08:06:57,scheduled task 387,START,44772
08:10:18,scheduled task 387,END,44772
08:07:26,scheduled task 591,START,44450
08:20:05,scheduled task 591,END,44450
08:07:36,scheduled task 205,START,10520
08:12:35,scheduled task 205,END,10520
08:07:44,background job cmx,START,96395
08:14:33,background job cmx,END,96395
08:07:50,scheduled task 663,START,20504
08:09:25,scheduled task 663,END,20504
08:08:10,scheduled task 939,START,66765
08:18:33,scheduled task 939,END,66765
08:08:34,background job twg,START,46065
08:23:00,background job twg,END,46065
08:08:38,scheduled task 647,START,93027
08:13:55,scheduled task 647,END,93027
08:08:49,background job twg,START,64514
08:19:40,background job twg,END,64514
08:08:59,scheduled task 569,START,54512
08:24:05,scheduled task 569,END,54512
08:09:24,background job dej,START,75432
08:20:58,background job dej,END,75432
08:09:42,background job xfq,START,32164
08:16:06,background job xfq,END,32164
08:09:48,scheduled task 111,START,22623
08:28:20,scheduled task 111,END,22623
08:10:12,scheduled task 890,START,61870
08:24:37,scheduled task 890,END,61870
08:10:35,background job xfq,START,60432
08:23:35,background job xfq,END,60432
08:11:03,scheduled task 130,START,67947
08:28:20,scheduled task 130,END,67947
08:11:05,scheduled task 707,START,77943
08:18:54,scheduled task 707,END,77943
08:11:26,scheduled task 921,START,24634
08:25:46,scheduled task 921,END,24634
08:11:46,scheduled task 218,START,19296
08:20:56,scheduled task 218,END,19296
08:12:16,background job sqm,START,68841
08:13:55,background job sqm,END,68841
08:12:24,scheduled task 991,START,81966
08:16:29,scheduled task 991,END,81966
08:12:37,scheduled task 525,START,57769
08:13:34,scheduled task 525,END,57769
08:12:43,background job you,START,57686
08:18:27,background job you,END,57686
08:12:54,scheduled task 125,START,11229
08:29:19,scheduled task 125,END,11229